[debug] [2024-05-13T20:12:15.531Z] ----------------------------------------------------------------------
[debug] [2024-05-13T20:12:15.533Z] Command:       /Users/oleksandrzhyvotenko/.nvm/versions/node/v18.19.1/bin/node /Users/oleksandrzhyvotenko/.nvm/versions/node/v18.19.1/bin/firebase emulators:start --only functions
[debug] [2024-05-13T20:12:15.533Z] CLI Version:   13.5.2
[debug] [2024-05-13T20:12:15.533Z] Platform:      darwin
[debug] [2024-05-13T20:12:15.533Z] Node Version:  v18.19.1
[debug] [2024-05-13T20:12:15.534Z] Time:          Mon May 13 2024 23:12:15 GMT+0300 (Eastern European Summer Time)
[debug] [2024-05-13T20:12:15.534Z] ----------------------------------------------------------------------
[debug] 
[debug] [2024-05-13T20:12:15.585Z] Field ".functions" in "firebase.json" is possibly invalid: should be object
[debug] [2024-05-13T20:12:15.585Z] Object ".functions[0]" in "firebase.json" has unknown property: {"additionalProperty":"emulators"}
[debug] [2024-05-13T20:12:15.585Z] Field ".functions" in "firebase.json" is possibly invalid: should match some schema in anyOf
[debug] [2024-05-13T20:12:15.588Z] > command requires scopes: ["email","openid","https://www.googleapis.com/auth/cloudplatformprojects.readonly","https://www.googleapis.com/auth/firebase","https://www.googleapis.com/auth/cloud-platform"]
[debug] [2024-05-13T20:12:15.588Z] > authorizing via signed-in user (zhivotenko.a.s@gmail.com)
[info] i  emulators: Starting emulators: functions {"metadata":{"emulator":{"name":"hub"},"message":"Starting emulators: functions"}}
[debug] [2024-05-13T20:12:15.797Z] [logging] Logging Emulator only supports listening on one address (127.0.0.1). Not listening on ::1
[debug] [2024-05-13T20:12:15.798Z] assigned listening specs for emulators {"user":{"hub":[{"address":"127.0.0.1","family":"IPv4","port":4400},{"address":"::1","family":"IPv6","port":4400}],"ui":[{"address":"127.0.0.1","family":"IPv4","port":4000},{"address":"::1","family":"IPv6","port":4000}],"logging":[{"address":"127.0.0.1","family":"IPv4","port":4500}]},"metadata":{"message":"assigned listening specs for emulators"}}
[debug] [2024-05-13T20:12:15.800Z] [hub] writing locator at /var/folders/yl/3k8fcp515h784d32w7bhg2ww0000gn/T/hub-development-417611.json
[debug] [2024-05-13T20:12:15.934Z] [functions] Functions Emulator only supports listening on one address (127.0.0.1). Not listening on ::1
[debug] [2024-05-13T20:12:15.934Z] [eventarc] Eventarc Emulator only supports listening on one address (127.0.0.1). Not listening on ::1
[debug] [2024-05-13T20:12:15.934Z] late-assigned ports for functions and eventarc emulators {"user":{"hub":[{"address":"127.0.0.1","family":"IPv4","port":4400},{"address":"::1","family":"IPv6","port":4400}],"ui":[{"address":"127.0.0.1","family":"IPv4","port":4000},{"address":"::1","family":"IPv6","port":4000}],"logging":[{"address":"127.0.0.1","family":"IPv4","port":4500}],"functions":[{"address":"127.0.0.1","family":"IPv4","port":5001}],"eventarc":[{"address":"127.0.0.1","family":"IPv4","port":9299}]},"metadata":{"message":"late-assigned ports for functions and eventarc emulators"}}
[warn] ⚠  functions: The following emulators are not running, calls to these services from the Functions emulator will affect production: auth, firestore, database, hosting, pubsub, storage {"metadata":{"emulator":{"name":"functions"},"message":"The following emulators are not running, calls to these services from the Functions emulator will affect production: \u001b[1mauth, firestore, database, hosting, pubsub, storage\u001b[22m"}}
[debug] [2024-05-13T20:12:15.936Z] defaultcredentials: writing to file /Users/oleksandrzhyvotenko/.config/firebase/zhivotenko_a.s_gmail.com_application_default_credentials.json
[debug] [2024-05-13T20:12:15.939Z] Setting GAC to /Users/oleksandrzhyvotenko/.config/firebase/zhivotenko_a.s_gmail.com_application_default_credentials.json {"metadata":{"emulator":{"name":"functions"},"message":"Setting GAC to /Users/oleksandrzhyvotenko/.config/firebase/zhivotenko_a.s_gmail.com_application_default_credentials.json"}}
[debug] [2024-05-13T20:12:15.940Z] >>> [apiv2][query] GET https://firebase.googleapis.com/v1beta1/projects/development-417611/adminSdkConfig [none]
[debug] [2024-05-13T20:12:16.610Z] <<< [apiv2][status] GET https://firebase.googleapis.com/v1beta1/projects/development-417611/adminSdkConfig 200
[debug] [2024-05-13T20:12:16.610Z] <<< [apiv2][body] GET https://firebase.googleapis.com/v1beta1/projects/development-417611/adminSdkConfig {"projectId":"development-417611","storageBucket":"development-417611.appspot.com","locationId":"us-central"}
[debug] [2024-05-13T20:12:16.627Z] Ignoring unsupported arg: auto_download {"metadata":{"emulator":{"name":"ui"},"message":"Ignoring unsupported arg: auto_download"}}
[debug] [2024-05-13T20:12:16.627Z] Ignoring unsupported arg: port {"metadata":{"emulator":{"name":"ui"},"message":"Ignoring unsupported arg: port"}}
[debug] [2024-05-13T20:12:16.628Z] Starting Emulator UI with command {"binary":"node","args":["/Users/oleksandrzhyvotenko/.cache/firebase/emulators/ui-v1.11.8/server/server.mjs"],"optionalArgs":[],"joinArgs":false} {"metadata":{"emulator":{"name":"ui"},"message":"Starting Emulator UI with command {\"binary\":\"node\",\"args\":[\"/Users/oleksandrzhyvotenko/.cache/firebase/emulators/ui-v1.11.8/server/server.mjs\"],\"optionalArgs\":[],\"joinArgs\":false}"}}
[info] i  ui: Emulator UI logging to ui-debug.log {"metadata":{"emulator":{"name":"ui"},"message":"Emulator UI logging to \u001b[1mui-debug.log\u001b[22m"}}
[debug] [2024-05-13T20:12:16.703Z] Web / API server started at 127.0.0.1:4000
 {"metadata":{"emulator":{"name":"ui"},"message":"Web / API server started at 127.0.0.1:4000\n"}}
[debug] [2024-05-13T20:12:16.703Z] Web / API server started at ::1:4000
 {"metadata":{"emulator":{"name":"ui"},"message":"Web / API server started at ::1:4000\n"}}
[info] i  functions: Watching "/Users/oleksandrzhyvotenko/fb-2take.it-admin/functions" for Cloud Functions... {"metadata":{"emulator":{"name":"functions"},"message":"Watching \"/Users/oleksandrzhyvotenko/fb-2take.it-admin/functions\" for Cloud Functions..."}}
[debug] [2024-05-13T20:12:16.890Z] Validating nodejs source
[warn] ⚠  functions: package.json indicates an outdated version of firebase-functions. Please upgrade using npm install --save firebase-functions@latest in your functions directory. 
[warn] ⚠  functions: Please note that there will be breaking changes when you upgrade. 
[debug] [2024-05-13T20:12:17.414Z] > [functions] package.json contents: {
  "name": "functions",
  "scripts": {
    "lint": "eslint --ext .js,.ts .",
    "build": "tsc",
    "build:watch": "tsc --watch",
    "serve": "npm run build && firebase emulators:start --only functions",
    "shell": "npm run build && firebase functions:shell",
    "start": "npm run shell",
    "deploy": "firebase deploy --only functions",
    "logs": "firebase functions:log"
  },
  "engines": {
    "node": "18"
  },
  "main": "lib/index.js",
  "dependencies": {
    "@types/express": "^4.17.21",
    "@types/swagger-ui-express": "^4.1.6",
    "axios": "^1.6.8",
    "body-parser": "^1.20.2",
    "firebase-admin": "^11.8.0",
    "firebase-functions": "^4.3.1",
    "swagger-ui-express": "^5.0.0"
  },
  "devDependencies": {
    "@typescript-eslint/eslint-plugin": "^5.12.0",
    "@typescript-eslint/parser": "^5.12.0",
    "eslint": "^8.9.0",
    "eslint-config-google": "^0.14.0",
    "eslint-plugin-import": "^2.25.4",
    "firebase-functions-test": "^3.1.0",
    "typescript": "^4.9.0"
  },
  "private": true
}
[debug] [2024-05-13T20:12:17.415Z] Building nodejs source
[debug] [2024-05-13T20:12:17.415Z] Failed to find version of module node: reached end of search path /Users/oleksandrzhyvotenko/fb-2take.it-admin/functions/node_modules
[info] ✔  functions: Using node@18 from host. 
[debug] [2024-05-13T20:12:17.416Z] Could not find functions.yaml. Must use http discovery
[debug] [2024-05-13T20:12:17.419Z] Found firebase-functions binary at '/Users/oleksandrzhyvotenko/fb-2take.it-admin/functions/node_modules/.bin/firebase-functions'
[info] Serving at port 8958

[debug] [2024-05-13T20:12:17.649Z] Got response from /__/functions.yaml {"endpoints":{"testAdm":{"platform":"gcfv1","availableMemoryMb":null,"timeoutSeconds":null,"minInstances":null,"maxInstances":null,"ingressSettings":null,"serviceAccountEmail":null,"vpc":null,"httpsTrigger":{},"entryPoint":"testAdm"}},"specVersion":"v1alpha1","requiredAPIs":[]}
[info] ✔  functions: Loaded functions definitions from source: testAdm. {"metadata":{"emulator":{"name":"functions"},"message":"Loaded functions definitions from source: testAdm."}}
[info] ✔  functions[us-central1-testAdm]: http function initialized (http://127.0.0.1:5001/development-417611/us-central1/testAdm). {"metadata":{"emulator":{"name":"functions"},"message":"\u001b[1mhttp\u001b[22m function initialized (http://127.0.0.1:5001/development-417611/us-central1/testAdm)."}}
[info] 
┌─────────────────────────────────────────────────────────────┐
│ ✔  All emulators ready! It is now safe to connect your app. │
│ i  View Emulator UI at http://127.0.0.1:4000/               │
└─────────────────────────────────────────────────────────────┘

┌───────────┬────────────────┬─────────────────────────────────┐
│ Emulator  │ Host:Port      │ View in Emulator UI             │
├───────────┼────────────────┼─────────────────────────────────┤
│ Functions │ 127.0.0.1:5001 │ http://127.0.0.1:4000/functions │
└───────────┴────────────────┴─────────────────────────────────┘
  Emulator Hub running at 127.0.0.1:4400
  Other reserved ports: 4500

Issues? Report them at https://github.com/firebase/firebase-tools/issues and attach the *-debug.log files.
 
[debug] [2024-05-13T20:12:19.360Z] [work-queue] {"queuedWork":["/development-417611/us-central1/testAdm/api-docs/-2024-05-13T20:12:19.360Z"],"queueLength":1,"runningWork":[],"workRunningCount":0}
[debug] [2024-05-13T20:12:19.360Z] [work-queue] {"queuedWork":[],"queueLength":0,"runningWork":["/development-417611/us-central1/testAdm/api-docs/-2024-05-13T20:12:19.360Z"],"workRunningCount":1}
[debug] [2024-05-13T20:12:19.360Z] Accepted request GET /development-417611/us-central1/testAdm/api-docs/ --> us-central1-testAdm
[debug] [2024-05-13T20:12:19.362Z] [functions] Runtime ready! Sending request! {"metadata":{"emulator":{"name":"functions"},"message":"[functions] Runtime ready! Sending request!"}}
[debug] [2024-05-13T20:12:19.362Z] [functions] Got req.url=/development-417611/us-central1/testAdm/api-docs/, mapping to path=/api-docs/ {"metadata":{"emulator":{"name":"functions"},"message":"[functions] Got req.url=/development-417611/us-central1/testAdm/api-docs/, mapping to path=/api-docs/"}}
[debug] [2024-05-13T20:12:19.365Z] [worker-pool] addWorker(us-central1-testAdm) {"metadata":{"emulator":{"name":"functions"},"message":"[worker-pool] addWorker(us-central1-testAdm)"}}
[debug] [2024-05-13T20:12:19.365Z] [worker-pool] Adding worker with key us-central1-testAdm, total=1 {"metadata":{"emulator":{"name":"functions"},"message":"[worker-pool] Adding worker with key us-central1-testAdm, total=1"}}
[debug] [2024-05-13T20:12:19.766Z] [runtime-status] [6195] Resolved module firebase-admin {"declared":true,"installed":true,"version":"11.11.1","resolution":"/Users/oleksandrzhyvotenko/fb-2take.it-admin/functions/node_modules/firebase-admin/lib/index.js"} {"metadata":{"emulator":{"name":"functions"},"function":{"name":"us-central1-testAdm"},"extension":{},"message":"[runtime-status] [6195] Resolved module firebase-admin {\"declared\":true,\"installed\":true,\"version\":\"11.11.1\",\"resolution\":\"/Users/oleksandrzhyvotenko/fb-2take.it-admin/functions/node_modules/firebase-admin/lib/index.js\"}"}}
[debug] [2024-05-13T20:12:19.767Z] [runtime-status] [6195] Resolved module firebase-functions {"declared":true,"installed":true,"version":"4.9.0","resolution":"/Users/oleksandrzhyvotenko/fb-2take.it-admin/functions/node_modules/firebase-functions/lib/v1/index.js"} {"metadata":{"emulator":{"name":"functions"},"function":{"name":"us-central1-testAdm"},"extension":{},"message":"[runtime-status] [6195] Resolved module firebase-functions {\"declared\":true,\"installed\":true,\"version\":\"4.9.0\",\"resolution\":\"/Users/oleksandrzhyvotenko/fb-2take.it-admin/functions/node_modules/firebase-functions/lib/v1/index.js\"}"}}
[debug] [2024-05-13T20:12:19.767Z] [runtime-status] [6195] Outgoing network have been stubbed. [{"name":"http","status":"mocked"},{"name":"http","status":"mocked"},{"name":"https","status":"mocked"},{"name":"https","status":"mocked"},{"name":"net","status":"mocked"}] {"metadata":{"emulator":{"name":"functions"},"function":{"name":"us-central1-testAdm"},"extension":{},"message":"[runtime-status] [6195] Outgoing network have been stubbed. [{\"name\":\"http\",\"status\":\"mocked\"},{\"name\":\"http\",\"status\":\"mocked\"},{\"name\":\"https\",\"status\":\"mocked\"},{\"name\":\"https\",\"status\":\"mocked\"},{\"name\":\"net\",\"status\":\"mocked\"}]"}}
[debug] [2024-05-13T20:12:19.767Z] [runtime-status] [6195] Resolved module firebase-functions {"declared":true,"installed":true,"version":"4.9.0","resolution":"/Users/oleksandrzhyvotenko/fb-2take.it-admin/functions/node_modules/firebase-functions/lib/v1/index.js"} {"metadata":{"emulator":{"name":"functions"},"function":{"name":"us-central1-testAdm"},"extension":{},"message":"[runtime-status] [6195] Resolved module firebase-functions {\"declared\":true,\"installed\":true,\"version\":\"4.9.0\",\"resolution\":\"/Users/oleksandrzhyvotenko/fb-2take.it-admin/functions/node_modules/firebase-functions/lib/v1/index.js\"}"}}
[debug] [2024-05-13T20:12:19.835Z] [runtime-status] [6195] Checked functions.config() {"config":{}} {"metadata":{"emulator":{"name":"functions"},"function":{"name":"us-central1-testAdm"},"extension":{},"message":"[runtime-status] [6195] Checked functions.config() {\"config\":{}}"}}
[debug] [2024-05-13T20:12:19.836Z] [runtime-status] [6195] firebase-functions has been stubbed. {"functionsResolution":{"declared":true,"installed":true,"version":"4.9.0","resolution":"/Users/oleksandrzhyvotenko/fb-2take.it-admin/functions/node_modules/firebase-functions/lib/v1/index.js"}} {"metadata":{"emulator":{"name":"functions"},"function":{"name":"us-central1-testAdm"},"extension":{},"message":"[runtime-status] [6195] firebase-functions has been stubbed. {\"functionsResolution\":{\"declared\":true,\"installed\":true,\"version\":\"4.9.0\",\"resolution\":\"/Users/oleksandrzhyvotenko/fb-2take.it-admin/functions/node_modules/firebase-functions/lib/v1/index.js\"}}"}}
[debug] [2024-05-13T20:12:19.836Z] [runtime-status] [6195] Resolved module firebase-functions {"declared":true,"installed":true,"version":"4.9.0","resolution":"/Users/oleksandrzhyvotenko/fb-2take.it-admin/functions/node_modules/firebase-functions/lib/v1/index.js"} {"metadata":{"emulator":{"name":"functions"},"function":{"name":"us-central1-testAdm"},"extension":{},"message":"[runtime-status] [6195] Resolved module firebase-functions {\"declared\":true,\"installed\":true,\"version\":\"4.9.0\",\"resolution\":\"/Users/oleksandrzhyvotenko/fb-2take.it-admin/functions/node_modules/firebase-functions/lib/v1/index.js\"}"}}
[debug] [2024-05-13T20:12:19.836Z] [runtime-status] [6195] Resolved module firebase-admin {"declared":true,"installed":true,"version":"11.11.1","resolution":"/Users/oleksandrzhyvotenko/fb-2take.it-admin/functions/node_modules/firebase-admin/lib/index.js"} {"metadata":{"emulator":{"name":"functions"},"function":{"name":"us-central1-testAdm"},"extension":{},"message":"[runtime-status] [6195] Resolved module firebase-admin {\"declared\":true,\"installed\":true,\"version\":\"11.11.1\",\"resolution\":\"/Users/oleksandrzhyvotenko/fb-2take.it-admin/functions/node_modules/firebase-admin/lib/index.js\"}"}}
[debug] [2024-05-13T20:12:19.837Z] [runtime-status] [6195] Resolved module firebase-functions {"declared":true,"installed":true,"version":"4.9.0","resolution":"/Users/oleksandrzhyvotenko/fb-2take.it-admin/functions/node_modules/firebase-functions/lib/v1/index.js"} {"metadata":{"emulator":{"name":"functions"},"function":{"name":"us-central1-testAdm"},"extension":{},"message":"[runtime-status] [6195] Resolved module firebase-functions {\"declared\":true,\"installed\":true,\"version\":\"4.9.0\",\"resolution\":\"/Users/oleksandrzhyvotenko/fb-2take.it-admin/functions/node_modules/firebase-functions/lib/v1/index.js\"}"}}
[debug] [2024-05-13T20:12:19.837Z] [runtime-status] [6195] firebase-admin has been stubbed. {"adminResolution":{"declared":true,"installed":true,"version":"11.11.1","resolution":"/Users/oleksandrzhyvotenko/fb-2take.it-admin/functions/node_modules/firebase-admin/lib/index.js"}} {"metadata":{"emulator":{"name":"functions"},"function":{"name":"us-central1-testAdm"},"extension":{},"message":"[runtime-status] [6195] firebase-admin has been stubbed. {\"adminResolution\":{\"declared\":true,\"installed\":true,\"version\":\"11.11.1\",\"resolution\":\"/Users/oleksandrzhyvotenko/fb-2take.it-admin/functions/node_modules/firebase-admin/lib/index.js\"}}"}}
[warn] ⚠  It looks like you're trying to access functions.config().firebase but there is no value there. You can learn more about setting up config here: https://firebase.google.com/docs/functions/local-emulator {"metadata":{"emulator":{"name":"functions"},"function":{"name":"us-central1-testAdm"},"extension":{},"message":"It looks like you're trying to access functions.config().firebase but there is no value there. You can learn more about setting up config here: https://firebase.google.com/docs/functions/local-emulator"}}
[debug] [2024-05-13T20:12:19.871Z] [runtime-status] [6195] initializeApp(DEFAULT) {"storageBucket":"development-417611.appspot.com","projectId":"development-417611"} {"metadata":{"emulator":{"name":"functions"},"function":{"name":"us-central1-testAdm"},"extension":{},"message":"[runtime-status] [6195] initializeApp(DEFAULT) {\"storageBucket\":\"development-417611.appspot.com\",\"projectId\":\"development-417611\"}"}}
[debug] [2024-05-13T20:12:19.874Z] [runtime-status] [6195] Functions runtime initialized. {"cwd":"/Users/oleksandrzhyvotenko/fb-2take.it-admin/functions","node_version":"18.19.1"} {"metadata":{"emulator":{"name":"functions"},"function":{"name":"us-central1-testAdm"},"extension":{},"message":"[runtime-status] [6195] Functions runtime initialized. {\"cwd\":\"/Users/oleksandrzhyvotenko/fb-2take.it-admin/functions\",\"node_version\":\"18.19.1\"}"}}
[debug] [2024-05-13T20:12:19.874Z] [runtime-status] [6195] Listening to port: /var/folders/yl/3k8fcp515h784d32w7bhg2ww0000gn/T/fire_emu_46ce0f026f5fae2a.sock {"metadata":{"emulator":{"name":"functions"},"function":{"name":"us-central1-testAdm"},"extension":{},"message":"[runtime-status] [6195] Listening to port: /var/folders/yl/3k8fcp515h784d32w7bhg2ww0000gn/T/fire_emu_46ce0f026f5fae2a.sock"}}
[debug] [2024-05-13T20:12:19.977Z] [worker-us-central1-testAdm-b7c0e21f-82bb-4bdc-9375-25e82de6d968]: IDLE {"metadata":{"emulator":{"name":"functions"},"function":{"name":"us-central1-testAdm"},"extension":{},"message":"[worker-us-central1-testAdm-b7c0e21f-82bb-4bdc-9375-25e82de6d968]: IDLE"}}
[debug] [2024-05-13T20:12:19.978Z] [worker-pool] submitRequest(triggerId=us-central1-testAdm) {"metadata":{"emulator":{"name":"functions"},"message":"[worker-pool] submitRequest(triggerId=us-central1-testAdm)"}}
[info] i  functions: Beginning execution of "us-central1-testAdm" {"metadata":{"emulator":{"name":"functions"},"function":{"name":"us-central1-testAdm"},"extension":{},"message":"Beginning execution of \"us-central1-testAdm\""}}
[debug] [2024-05-13T20:12:19.978Z] [worker-us-central1-testAdm-b7c0e21f-82bb-4bdc-9375-25e82de6d968]: BUSY {"metadata":{"emulator":{"name":"functions"},"function":{"name":"us-central1-testAdm"},"extension":{},"message":"[worker-us-central1-testAdm-b7c0e21f-82bb-4bdc-9375-25e82de6d968]: BUSY"}}
[debug] [2024-05-13T20:12:19.983Z] Finishing up request with event=pause {"metadata":{"emulator":{"name":"functions"},"function":{"name":"us-central1-testAdm"},"extension":{},"message":"Finishing up request with event=pause"}}
[info] i  functions: Finished "us-central1-testAdm" in 5.340416ms {"metadata":{"emulator":{"name":"functions"},"function":{"name":"us-central1-testAdm"},"extension":{},"message":"Finished \"us-central1-testAdm\" in 5.340416ms"}}
[debug] [2024-05-13T20:12:19.983Z] [worker-us-central1-testAdm-b7c0e21f-82bb-4bdc-9375-25e82de6d968]: IDLE {"metadata":{"emulator":{"name":"functions"},"function":{"name":"us-central1-testAdm"},"extension":{},"message":"[worker-us-central1-testAdm-b7c0e21f-82bb-4bdc-9375-25e82de6d968]: IDLE"}}
[debug] [2024-05-13T20:12:19.983Z] Finishing up request with event=finish {"metadata":{"emulator":{"name":"functions"},"function":{"name":"us-central1-testAdm"},"extension":{},"message":"Finishing up request with event=finish"}}
[debug] [2024-05-13T20:12:19.984Z] Finishing up request with event=close {"metadata":{"emulator":{"name":"functions"},"function":{"name":"us-central1-testAdm"},"extension":{},"message":"Finishing up request with event=close"}}
[debug] [2024-05-13T20:12:19.984Z] [work-queue] {"queuedWork":[],"queueLength":0,"runningWork":[],"workRunningCount":0}
[debug] [2024-05-13T20:12:20.012Z] [work-queue] {"queuedWork":["/development-417611/us-central1/testAdm/api-docs/swagger-ui.css-2024-05-13T20:12:20.012Z"],"queueLength":1,"runningWork":[],"workRunningCount":0}
[debug] [2024-05-13T20:12:20.012Z] [work-queue] {"queuedWork":[],"queueLength":0,"runningWork":["/development-417611/us-central1/testAdm/api-docs/swagger-ui.css-2024-05-13T20:12:20.012Z"],"workRunningCount":1}
[debug] [2024-05-13T20:12:20.012Z] Accepted request GET /development-417611/us-central1/testAdm/api-docs/swagger-ui.css --> us-central1-testAdm
[debug] [2024-05-13T20:12:20.013Z] [functions] Runtime ready! Sending request! {"metadata":{"emulator":{"name":"functions"},"message":"[functions] Runtime ready! Sending request!"}}
[debug] [2024-05-13T20:12:20.013Z] [functions] Got req.url=/development-417611/us-central1/testAdm/api-docs/swagger-ui.css, mapping to path=/api-docs/swagger-ui.css {"metadata":{"emulator":{"name":"functions"},"message":"[functions] Got req.url=/development-417611/us-central1/testAdm/api-docs/swagger-ui.css, mapping to path=/api-docs/swagger-ui.css"}}
[debug] [2024-05-13T20:12:20.013Z] [worker-pool] submitRequest(triggerId=us-central1-testAdm) {"metadata":{"emulator":{"name":"functions"},"message":"[worker-pool] submitRequest(triggerId=us-central1-testAdm)"}}
[info] i  functions: Beginning execution of "us-central1-testAdm" {"metadata":{"emulator":{"name":"functions"},"function":{"name":"us-central1-testAdm"},"extension":{},"message":"Beginning execution of \"us-central1-testAdm\""}}
[debug] [2024-05-13T20:12:20.014Z] [worker-us-central1-testAdm-b7c0e21f-82bb-4bdc-9375-25e82de6d968]: BUSY {"metadata":{"emulator":{"name":"functions"},"function":{"name":"us-central1-testAdm"},"extension":{},"message":"[worker-us-central1-testAdm-b7c0e21f-82bb-4bdc-9375-25e82de6d968]: BUSY"}}
[debug] [2024-05-13T20:12:20.016Z] Finishing up request with event=pause {"metadata":{"emulator":{"name":"functions"},"function":{"name":"us-central1-testAdm"},"extension":{},"message":"Finishing up request with event=pause"}}
[info] i  functions: Finished "us-central1-testAdm" in 2.421ms {"metadata":{"emulator":{"name":"functions"},"function":{"name":"us-central1-testAdm"},"extension":{},"message":"Finished \"us-central1-testAdm\" in 2.421ms"}}
[debug] [2024-05-13T20:12:20.016Z] [worker-us-central1-testAdm-b7c0e21f-82bb-4bdc-9375-25e82de6d968]: IDLE {"metadata":{"emulator":{"name":"functions"},"function":{"name":"us-central1-testAdm"},"extension":{},"message":"[worker-us-central1-testAdm-b7c0e21f-82bb-4bdc-9375-25e82de6d968]: IDLE"}}
[debug] [2024-05-13T20:12:20.016Z] Finishing up request with event=finish {"metadata":{"emulator":{"name":"functions"},"function":{"name":"us-central1-testAdm"},"extension":{},"message":"Finishing up request with event=finish"}}
[debug] [2024-05-13T20:12:20.016Z] Finishing up request with event=close {"metadata":{"emulator":{"name":"functions"},"function":{"name":"us-central1-testAdm"},"extension":{},"message":"Finishing up request with event=close"}}
[debug] [2024-05-13T20:12:20.016Z] [work-queue] {"queuedWork":[],"queueLength":0,"runningWork":[],"workRunningCount":0}
[debug] [2024-05-13T20:12:20.017Z] [work-queue] {"queuedWork":["/development-417611/us-central1/testAdm/api-docs/swagger-ui-bundle.js-2024-05-13T20:12:20.017Z"],"queueLength":1,"runningWork":[],"workRunningCount":0}
[debug] [2024-05-13T20:12:20.017Z] [work-queue] {"queuedWork":[],"queueLength":0,"runningWork":["/development-417611/us-central1/testAdm/api-docs/swagger-ui-bundle.js-2024-05-13T20:12:20.017Z"],"workRunningCount":1}
[debug] [2024-05-13T20:12:20.017Z] Accepted request GET /development-417611/us-central1/testAdm/api-docs/swagger-ui-bundle.js --> us-central1-testAdm
[debug] [2024-05-13T20:12:20.018Z] [functions] Runtime ready! Sending request! {"metadata":{"emulator":{"name":"functions"},"message":"[functions] Runtime ready! Sending request!"}}
[debug] [2024-05-13T20:12:20.019Z] [functions] Got req.url=/development-417611/us-central1/testAdm/api-docs/swagger-ui-bundle.js, mapping to path=/api-docs/swagger-ui-bundle.js {"metadata":{"emulator":{"name":"functions"},"message":"[functions] Got req.url=/development-417611/us-central1/testAdm/api-docs/swagger-ui-bundle.js, mapping to path=/api-docs/swagger-ui-bundle.js"}}
[debug] [2024-05-13T20:12:20.019Z] [worker-pool] submitRequest(triggerId=us-central1-testAdm) {"metadata":{"emulator":{"name":"functions"},"message":"[worker-pool] submitRequest(triggerId=us-central1-testAdm)"}}
[info] i  functions: Beginning execution of "us-central1-testAdm" {"metadata":{"emulator":{"name":"functions"},"function":{"name":"us-central1-testAdm"},"extension":{},"message":"Beginning execution of \"us-central1-testAdm\""}}
[debug] [2024-05-13T20:12:20.019Z] [worker-us-central1-testAdm-b7c0e21f-82bb-4bdc-9375-25e82de6d968]: BUSY {"metadata":{"emulator":{"name":"functions"},"function":{"name":"us-central1-testAdm"},"extension":{},"message":"[worker-us-central1-testAdm-b7c0e21f-82bb-4bdc-9375-25e82de6d968]: BUSY"}}
[debug] [2024-05-13T20:12:20.021Z] Finishing up request with event=pause {"metadata":{"emulator":{"name":"functions"},"function":{"name":"us-central1-testAdm"},"extension":{},"message":"Finishing up request with event=pause"}}
[info] i  functions: Finished "us-central1-testAdm" in 2.312542ms {"metadata":{"emulator":{"name":"functions"},"function":{"name":"us-central1-testAdm"},"extension":{},"message":"Finished \"us-central1-testAdm\" in 2.312542ms"}}
[debug] [2024-05-13T20:12:20.022Z] [worker-us-central1-testAdm-b7c0e21f-82bb-4bdc-9375-25e82de6d968]: IDLE {"metadata":{"emulator":{"name":"functions"},"function":{"name":"us-central1-testAdm"},"extension":{},"message":"[worker-us-central1-testAdm-b7c0e21f-82bb-4bdc-9375-25e82de6d968]: IDLE"}}
[debug] [2024-05-13T20:12:20.022Z] Finishing up request with event=finish {"metadata":{"emulator":{"name":"functions"},"function":{"name":"us-central1-testAdm"},"extension":{},"message":"Finishing up request with event=finish"}}
[debug] [2024-05-13T20:12:20.022Z] Finishing up request with event=close {"metadata":{"emulator":{"name":"functions"},"function":{"name":"us-central1-testAdm"},"extension":{},"message":"Finishing up request with event=close"}}
[debug] [2024-05-13T20:12:20.022Z] [work-queue] {"queuedWork":[],"queueLength":0,"runningWork":[],"workRunningCount":0}
[debug] [2024-05-13T20:12:20.025Z] [work-queue] {"queuedWork":["/development-417611/us-central1/testAdm/api-docs/swagger-ui-standalone-preset.js-2024-05-13T20:12:20.025Z"],"queueLength":1,"runningWork":[],"workRunningCount":0}
[debug] [2024-05-13T20:12:20.025Z] [work-queue] {"queuedWork":[],"queueLength":0,"runningWork":["/development-417611/us-central1/testAdm/api-docs/swagger-ui-standalone-preset.js-2024-05-13T20:12:20.025Z"],"workRunningCount":1}
[debug] [2024-05-13T20:12:20.025Z] Accepted request GET /development-417611/us-central1/testAdm/api-docs/swagger-ui-standalone-preset.js --> us-central1-testAdm
[debug] [2024-05-13T20:12:20.026Z] [functions] Runtime ready! Sending request! {"metadata":{"emulator":{"name":"functions"},"message":"[functions] Runtime ready! Sending request!"}}
[debug] [2024-05-13T20:12:20.026Z] [functions] Got req.url=/development-417611/us-central1/testAdm/api-docs/swagger-ui-standalone-preset.js, mapping to path=/api-docs/swagger-ui-standalone-preset.js {"metadata":{"emulator":{"name":"functions"},"message":"[functions] Got req.url=/development-417611/us-central1/testAdm/api-docs/swagger-ui-standalone-preset.js, mapping to path=/api-docs/swagger-ui-standalone-preset.js"}}
[debug] [2024-05-13T20:12:20.026Z] [worker-pool] submitRequest(triggerId=us-central1-testAdm) {"metadata":{"emulator":{"name":"functions"},"message":"[worker-pool] submitRequest(triggerId=us-central1-testAdm)"}}
[info] i  functions: Beginning execution of "us-central1-testAdm" {"metadata":{"emulator":{"name":"functions"},"function":{"name":"us-central1-testAdm"},"extension":{},"message":"Beginning execution of \"us-central1-testAdm\""}}
[debug] [2024-05-13T20:12:20.027Z] [worker-us-central1-testAdm-b7c0e21f-82bb-4bdc-9375-25e82de6d968]: BUSY {"metadata":{"emulator":{"name":"functions"},"function":{"name":"us-central1-testAdm"},"extension":{},"message":"[worker-us-central1-testAdm-b7c0e21f-82bb-4bdc-9375-25e82de6d968]: BUSY"}}
[debug] [2024-05-13T20:12:20.027Z] [work-queue] {"queuedWork":["/development-417611/us-central1/testAdm/api-docs/swagger-ui-init.js-2024-05-13T20:12:20.027Z"],"queueLength":1,"runningWork":["/development-417611/us-central1/testAdm/api-docs/swagger-ui-standalone-preset.js-2024-05-13T20:12:20.025Z"],"workRunningCount":1}
[debug] [2024-05-13T20:12:20.027Z] [work-queue] {"queuedWork":[],"queueLength":0,"runningWork":["/development-417611/us-central1/testAdm/api-docs/swagger-ui-standalone-preset.js-2024-05-13T20:12:20.025Z","/development-417611/us-central1/testAdm/api-docs/swagger-ui-init.js-2024-05-13T20:12:20.027Z"],"workRunningCount":2}
[debug] [2024-05-13T20:12:20.027Z] Accepted request GET /development-417611/us-central1/testAdm/api-docs/swagger-ui-init.js --> us-central1-testAdm
[debug] [2024-05-13T20:12:20.028Z] [functions] Runtime ready! Sending request! {"metadata":{"emulator":{"name":"functions"},"message":"[functions] Runtime ready! Sending request!"}}
[debug] [2024-05-13T20:12:20.028Z] [functions] Got req.url=/development-417611/us-central1/testAdm/api-docs/swagger-ui-init.js, mapping to path=/api-docs/swagger-ui-init.js {"metadata":{"emulator":{"name":"functions"},"message":"[functions] Got req.url=/development-417611/us-central1/testAdm/api-docs/swagger-ui-init.js, mapping to path=/api-docs/swagger-ui-init.js"}}
[debug] [2024-05-13T20:12:20.029Z] [worker-pool] addWorker(us-central1-testAdm) {"metadata":{"emulator":{"name":"functions"},"message":"[worker-pool] addWorker(us-central1-testAdm)"}}
[debug] [2024-05-13T20:12:20.029Z] [worker-pool] Adding worker with key us-central1-testAdm, total=2 {"metadata":{"emulator":{"name":"functions"},"message":"[worker-pool] Adding worker with key us-central1-testAdm, total=2"}}
[debug] [2024-05-13T20:12:20.031Z] Finishing up request with event=pause {"metadata":{"emulator":{"name":"functions"},"function":{"name":"us-central1-testAdm"},"extension":{},"message":"Finishing up request with event=pause"}}
[info] i  functions: Finished "us-central1-testAdm" in 4.982708ms {"metadata":{"emulator":{"name":"functions"},"function":{"name":"us-central1-testAdm"},"extension":{},"message":"Finished \"us-central1-testAdm\" in 4.982708ms"}}
[debug] [2024-05-13T20:12:20.032Z] [worker-us-central1-testAdm-b7c0e21f-82bb-4bdc-9375-25e82de6d968]: IDLE {"metadata":{"emulator":{"name":"functions"},"function":{"name":"us-central1-testAdm"},"extension":{},"message":"[worker-us-central1-testAdm-b7c0e21f-82bb-4bdc-9375-25e82de6d968]: IDLE"}}
[debug] [2024-05-13T20:12:20.032Z] Finishing up request with event=finish {"metadata":{"emulator":{"name":"functions"},"function":{"name":"us-central1-testAdm"},"extension":{},"message":"Finishing up request with event=finish"}}
[debug] [2024-05-13T20:12:20.032Z] Finishing up request with event=close {"metadata":{"emulator":{"name":"functions"},"function":{"name":"us-central1-testAdm"},"extension":{},"message":"Finishing up request with event=close"}}
[debug] [2024-05-13T20:12:20.032Z] [work-queue] {"queuedWork":[],"queueLength":0,"runningWork":["/development-417611/us-central1/testAdm/api-docs/swagger-ui-init.js-2024-05-13T20:12:20.027Z"],"workRunningCount":1}
[debug] [2024-05-13T20:12:20.378Z] [runtime-status] [6228] Resolved module firebase-admin {"declared":true,"installed":true,"version":"11.11.1","resolution":"/Users/oleksandrzhyvotenko/fb-2take.it-admin/functions/node_modules/firebase-admin/lib/index.js"} {"metadata":{"emulator":{"name":"functions"},"function":{"name":"us-central1-testAdm"},"extension":{},"message":"[runtime-status] [6228] Resolved module firebase-admin {\"declared\":true,\"installed\":true,\"version\":\"11.11.1\",\"resolution\":\"/Users/oleksandrzhyvotenko/fb-2take.it-admin/functions/node_modules/firebase-admin/lib/index.js\"}"}}
[debug] [2024-05-13T20:12:20.378Z] [runtime-status] [6228] Resolved module firebase-functions {"declared":true,"installed":true,"version":"4.9.0","resolution":"/Users/oleksandrzhyvotenko/fb-2take.it-admin/functions/node_modules/firebase-functions/lib/v1/index.js"} {"metadata":{"emulator":{"name":"functions"},"function":{"name":"us-central1-testAdm"},"extension":{},"message":"[runtime-status] [6228] Resolved module firebase-functions {\"declared\":true,\"installed\":true,\"version\":\"4.9.0\",\"resolution\":\"/Users/oleksandrzhyvotenko/fb-2take.it-admin/functions/node_modules/firebase-functions/lib/v1/index.js\"}"}}
[debug] [2024-05-13T20:12:20.378Z] [runtime-status] [6228] Outgoing network have been stubbed. [{"name":"http","status":"mocked"},{"name":"http","status":"mocked"},{"name":"https","status":"mocked"},{"name":"https","status":"mocked"},{"name":"net","status":"mocked"}] {"metadata":{"emulator":{"name":"functions"},"function":{"name":"us-central1-testAdm"},"extension":{},"message":"[runtime-status] [6228] Outgoing network have been stubbed. [{\"name\":\"http\",\"status\":\"mocked\"},{\"name\":\"http\",\"status\":\"mocked\"},{\"name\":\"https\",\"status\":\"mocked\"},{\"name\":\"https\",\"status\":\"mocked\"},{\"name\":\"net\",\"status\":\"mocked\"}]"}}
[debug] [2024-05-13T20:12:20.378Z] [runtime-status] [6228] Resolved module firebase-functions {"declared":true,"installed":true,"version":"4.9.0","resolution":"/Users/oleksandrzhyvotenko/fb-2take.it-admin/functions/node_modules/firebase-functions/lib/v1/index.js"} {"metadata":{"emulator":{"name":"functions"},"function":{"name":"us-central1-testAdm"},"extension":{},"message":"[runtime-status] [6228] Resolved module firebase-functions {\"declared\":true,\"installed\":true,\"version\":\"4.9.0\",\"resolution\":\"/Users/oleksandrzhyvotenko/fb-2take.it-admin/functions/node_modules/firebase-functions/lib/v1/index.js\"}"}}
[debug] [2024-05-13T20:12:20.438Z] [runtime-status] [6228] Checked functions.config() {"config":{}} {"metadata":{"emulator":{"name":"functions"},"function":{"name":"us-central1-testAdm"},"extension":{},"message":"[runtime-status] [6228] Checked functions.config() {\"config\":{}}"}}
[debug] [2024-05-13T20:12:20.438Z] [runtime-status] [6228] firebase-functions has been stubbed. {"functionsResolution":{"declared":true,"installed":true,"version":"4.9.0","resolution":"/Users/oleksandrzhyvotenko/fb-2take.it-admin/functions/node_modules/firebase-functions/lib/v1/index.js"}} {"metadata":{"emulator":{"name":"functions"},"function":{"name":"us-central1-testAdm"},"extension":{},"message":"[runtime-status] [6228] firebase-functions has been stubbed. {\"functionsResolution\":{\"declared\":true,\"installed\":true,\"version\":\"4.9.0\",\"resolution\":\"/Users/oleksandrzhyvotenko/fb-2take.it-admin/functions/node_modules/firebase-functions/lib/v1/index.js\"}}"}}
[debug] [2024-05-13T20:12:20.438Z] [runtime-status] [6228] Resolved module firebase-functions {"declared":true,"installed":true,"version":"4.9.0","resolution":"/Users/oleksandrzhyvotenko/fb-2take.it-admin/functions/node_modules/firebase-functions/lib/v1/index.js"} {"metadata":{"emulator":{"name":"functions"},"function":{"name":"us-central1-testAdm"},"extension":{},"message":"[runtime-status] [6228] Resolved module firebase-functions {\"declared\":true,\"installed\":true,\"version\":\"4.9.0\",\"resolution\":\"/Users/oleksandrzhyvotenko/fb-2take.it-admin/functions/node_modules/firebase-functions/lib/v1/index.js\"}"}}
[debug] [2024-05-13T20:12:20.439Z] [runtime-status] [6228] Resolved module firebase-admin {"declared":true,"installed":true,"version":"11.11.1","resolution":"/Users/oleksandrzhyvotenko/fb-2take.it-admin/functions/node_modules/firebase-admin/lib/index.js"} {"metadata":{"emulator":{"name":"functions"},"function":{"name":"us-central1-testAdm"},"extension":{},"message":"[runtime-status] [6228] Resolved module firebase-admin {\"declared\":true,\"installed\":true,\"version\":\"11.11.1\",\"resolution\":\"/Users/oleksandrzhyvotenko/fb-2take.it-admin/functions/node_modules/firebase-admin/lib/index.js\"}"}}
[debug] [2024-05-13T20:12:20.439Z] [runtime-status] [6228] Resolved module firebase-functions {"declared":true,"installed":true,"version":"4.9.0","resolution":"/Users/oleksandrzhyvotenko/fb-2take.it-admin/functions/node_modules/firebase-functions/lib/v1/index.js"} {"metadata":{"emulator":{"name":"functions"},"function":{"name":"us-central1-testAdm"},"extension":{},"message":"[runtime-status] [6228] Resolved module firebase-functions {\"declared\":true,\"installed\":true,\"version\":\"4.9.0\",\"resolution\":\"/Users/oleksandrzhyvotenko/fb-2take.it-admin/functions/node_modules/firebase-functions/lib/v1/index.js\"}"}}
[debug] [2024-05-13T20:12:20.439Z] [runtime-status] [6228] firebase-admin has been stubbed. {"adminResolution":{"declared":true,"installed":true,"version":"11.11.1","resolution":"/Users/oleksandrzhyvotenko/fb-2take.it-admin/functions/node_modules/firebase-admin/lib/index.js"}} {"metadata":{"emulator":{"name":"functions"},"function":{"name":"us-central1-testAdm"},"extension":{},"message":"[runtime-status] [6228] firebase-admin has been stubbed. {\"adminResolution\":{\"declared\":true,\"installed\":true,\"version\":\"11.11.1\",\"resolution\":\"/Users/oleksandrzhyvotenko/fb-2take.it-admin/functions/node_modules/firebase-admin/lib/index.js\"}}"}}
[debug] [2024-05-13T20:12:20.472Z] [runtime-status] [6228] initializeApp(DEFAULT) {"storageBucket":"development-417611.appspot.com","projectId":"development-417611"} {"metadata":{"emulator":{"name":"functions"},"function":{"name":"us-central1-testAdm"},"extension":{},"message":"[runtime-status] [6228] initializeApp(DEFAULT) {\"storageBucket\":\"development-417611.appspot.com\",\"projectId\":\"development-417611\"}"}}
[debug] [2024-05-13T20:12:20.475Z] [runtime-status] [6228] Functions runtime initialized. {"cwd":"/Users/oleksandrzhyvotenko/fb-2take.it-admin/functions","node_version":"18.19.1"} {"metadata":{"emulator":{"name":"functions"},"function":{"name":"us-central1-testAdm"},"extension":{},"message":"[runtime-status] [6228] Functions runtime initialized. {\"cwd\":\"/Users/oleksandrzhyvotenko/fb-2take.it-admin/functions\",\"node_version\":\"18.19.1\"}"}}
[debug] [2024-05-13T20:12:20.475Z] [runtime-status] [6228] Listening to port: /var/folders/yl/3k8fcp515h784d32w7bhg2ww0000gn/T/fire_emu_e6fc904cd922273d.sock {"metadata":{"emulator":{"name":"functions"},"function":{"name":"us-central1-testAdm"},"extension":{},"message":"[runtime-status] [6228] Listening to port: /var/folders/yl/3k8fcp515h784d32w7bhg2ww0000gn/T/fire_emu_e6fc904cd922273d.sock"}}
[debug] [2024-05-13T20:12:20.542Z] [worker-us-central1-testAdm-bc9ac970-a798-4d7a-ac9d-444ba09a39b5]: IDLE {"metadata":{"emulator":{"name":"functions"},"function":{"name":"us-central1-testAdm"},"extension":{},"message":"[worker-us-central1-testAdm-bc9ac970-a798-4d7a-ac9d-444ba09a39b5]: IDLE"}}
[debug] [2024-05-13T20:12:20.542Z] [worker-pool] submitRequest(triggerId=us-central1-testAdm) {"metadata":{"emulator":{"name":"functions"},"message":"[worker-pool] submitRequest(triggerId=us-central1-testAdm)"}}
[info] i  functions: Beginning execution of "us-central1-testAdm" {"metadata":{"emulator":{"name":"functions"},"function":{"name":"us-central1-testAdm"},"extension":{},"message":"Beginning execution of \"us-central1-testAdm\""}}
[debug] [2024-05-13T20:12:20.542Z] [worker-us-central1-testAdm-b7c0e21f-82bb-4bdc-9375-25e82de6d968]: BUSY {"metadata":{"emulator":{"name":"functions"},"function":{"name":"us-central1-testAdm"},"extension":{},"message":"[worker-us-central1-testAdm-b7c0e21f-82bb-4bdc-9375-25e82de6d968]: BUSY"}}
[debug] [2024-05-13T20:12:20.544Z] Finishing up request with event=pause {"metadata":{"emulator":{"name":"functions"},"function":{"name":"us-central1-testAdm"},"extension":{},"message":"Finishing up request with event=pause"}}
[info] i  functions: Finished "us-central1-testAdm" in 1.930042ms {"metadata":{"emulator":{"name":"functions"},"function":{"name":"us-central1-testAdm"},"extension":{},"message":"Finished \"us-central1-testAdm\" in 1.930042ms"}}
[debug] [2024-05-13T20:12:20.544Z] [worker-us-central1-testAdm-b7c0e21f-82bb-4bdc-9375-25e82de6d968]: IDLE {"metadata":{"emulator":{"name":"functions"},"function":{"name":"us-central1-testAdm"},"extension":{},"message":"[worker-us-central1-testAdm-b7c0e21f-82bb-4bdc-9375-25e82de6d968]: IDLE"}}
[debug] [2024-05-13T20:12:20.544Z] Finishing up request with event=finish {"metadata":{"emulator":{"name":"functions"},"function":{"name":"us-central1-testAdm"},"extension":{},"message":"Finishing up request with event=finish"}}
[debug] [2024-05-13T20:12:20.544Z] Finishing up request with event=close {"metadata":{"emulator":{"name":"functions"},"function":{"name":"us-central1-testAdm"},"extension":{},"message":"Finishing up request with event=close"}}
[debug] [2024-05-13T20:12:20.544Z] [work-queue] {"queuedWork":[],"queueLength":0,"runningWork":[],"workRunningCount":0}
[debug] [2024-05-13T20:12:20.586Z] [work-queue] {"queuedWork":["/development-417611/us-central1/testAdm/api-docs/favicon-32x32.png-2024-05-13T20:12:20.586Z"],"queueLength":1,"runningWork":[],"workRunningCount":0}
[debug] [2024-05-13T20:12:20.586Z] [work-queue] {"queuedWork":[],"queueLength":0,"runningWork":["/development-417611/us-central1/testAdm/api-docs/favicon-32x32.png-2024-05-13T20:12:20.586Z"],"workRunningCount":1}
[debug] [2024-05-13T20:12:20.586Z] Accepted request GET /development-417611/us-central1/testAdm/api-docs/favicon-32x32.png --> us-central1-testAdm
[debug] [2024-05-13T20:12:20.587Z] [functions] Runtime ready! Sending request! {"metadata":{"emulator":{"name":"functions"},"message":"[functions] Runtime ready! Sending request!"}}
[debug] [2024-05-13T20:12:20.587Z] [functions] Got req.url=/development-417611/us-central1/testAdm/api-docs/favicon-32x32.png, mapping to path=/api-docs/favicon-32x32.png {"metadata":{"emulator":{"name":"functions"},"message":"[functions] Got req.url=/development-417611/us-central1/testAdm/api-docs/favicon-32x32.png, mapping to path=/api-docs/favicon-32x32.png"}}
[debug] [2024-05-13T20:12:20.588Z] [worker-pool] submitRequest(triggerId=us-central1-testAdm) {"metadata":{"emulator":{"name":"functions"},"message":"[worker-pool] submitRequest(triggerId=us-central1-testAdm)"}}
[info] i  functions: Beginning execution of "us-central1-testAdm" {"metadata":{"emulator":{"name":"functions"},"function":{"name":"us-central1-testAdm"},"extension":{},"message":"Beginning execution of \"us-central1-testAdm\""}}
[debug] [2024-05-13T20:12:20.588Z] [worker-us-central1-testAdm-b7c0e21f-82bb-4bdc-9375-25e82de6d968]: BUSY {"metadata":{"emulator":{"name":"functions"},"function":{"name":"us-central1-testAdm"},"extension":{},"message":"[worker-us-central1-testAdm-b7c0e21f-82bb-4bdc-9375-25e82de6d968]: BUSY"}}
[debug] [2024-05-13T20:12:20.589Z] Finishing up request with event=pause {"metadata":{"emulator":{"name":"functions"},"function":{"name":"us-central1-testAdm"},"extension":{},"message":"Finishing up request with event=pause"}}
[info] i  functions: Finished "us-central1-testAdm" in 1.371833ms {"metadata":{"emulator":{"name":"functions"},"function":{"name":"us-central1-testAdm"},"extension":{},"message":"Finished \"us-central1-testAdm\" in 1.371833ms"}}
[debug] [2024-05-13T20:12:20.589Z] [worker-us-central1-testAdm-b7c0e21f-82bb-4bdc-9375-25e82de6d968]: IDLE {"metadata":{"emulator":{"name":"functions"},"function":{"name":"us-central1-testAdm"},"extension":{},"message":"[worker-us-central1-testAdm-b7c0e21f-82bb-4bdc-9375-25e82de6d968]: IDLE"}}
[debug] [2024-05-13T20:12:20.589Z] Finishing up request with event=finish {"metadata":{"emulator":{"name":"functions"},"function":{"name":"us-central1-testAdm"},"extension":{},"message":"Finishing up request with event=finish"}}
[debug] [2024-05-13T20:12:20.589Z] Finishing up request with event=close {"metadata":{"emulator":{"name":"functions"},"function":{"name":"us-central1-testAdm"},"extension":{},"message":"Finishing up request with event=close"}}
[debug] [2024-05-13T20:12:20.589Z] [work-queue] {"queuedWork":[],"queueLength":0,"runningWork":[],"workRunningCount":0}
[debug] [2024-05-13T20:12:55.603Z] File /Users/oleksandrzhyvotenko/fb-2take.it-admin/functions/lib/swagger/openapi.json changed, reloading triggers {"metadata":{"emulator":{"name":"functions"},"message":"File /Users/oleksandrzhyvotenko/fb-2take.it-admin/functions/lib/swagger/openapi.json changed, reloading triggers"}}
[debug] [2024-05-13T20:12:56.606Z] Validating nodejs source
[warn] ⚠  functions: package.json indicates an outdated version of firebase-functions. Please upgrade using npm install --save firebase-functions@latest in your functions directory. 
[warn] ⚠  functions: Please note that there will be breaking changes when you upgrade. 
[debug] [2024-05-13T20:12:57.201Z] > [functions] package.json contents: {
  "name": "functions",
  "scripts": {
    "lint": "eslint --ext .js,.ts .",
    "build": "tsc",
    "build:watch": "tsc --watch",
    "serve": "npm run build && firebase emulators:start --only functions",
    "shell": "npm run build && firebase functions:shell",
    "start": "npm run shell",
    "deploy": "firebase deploy --only functions",
    "logs": "firebase functions:log"
  },
  "engines": {
    "node": "18"
  },
  "main": "lib/index.js",
  "dependencies": {
    "@types/express": "^4.17.21",
    "@types/swagger-ui-express": "^4.1.6",
    "axios": "^1.6.8",
    "body-parser": "^1.20.2",
    "firebase-admin": "^11.8.0",
    "firebase-functions": "^4.3.1",
    "swagger-ui-express": "^5.0.0"
  },
  "devDependencies": {
    "@typescript-eslint/eslint-plugin": "^5.12.0",
    "@typescript-eslint/parser": "^5.12.0",
    "eslint": "^8.9.0",
    "eslint-config-google": "^0.14.0",
    "eslint-plugin-import": "^2.25.4",
    "firebase-functions-test": "^3.1.0",
    "typescript": "^4.9.0"
  },
  "private": true
}
[debug] [2024-05-13T20:12:57.202Z] Building nodejs source
[debug] [2024-05-13T20:12:57.202Z] Failed to find version of module node: reached end of search path /Users/oleksandrzhyvotenko/fb-2take.it-admin/functions/node_modules
[info] ✔  functions: Using node@18 from host. 
[debug] [2024-05-13T20:12:57.202Z] Could not find functions.yaml. Must use http discovery
[debug] [2024-05-13T20:12:57.203Z] Found firebase-functions binary at '/Users/oleksandrzhyvotenko/fb-2take.it-admin/functions/node_modules/.bin/firebase-functions'
[info] Serving at port 8329

[debug] [2024-05-13T20:12:57.536Z] Got response from /__/functions.yaml {"endpoints":{"testAdm":{"platform":"gcfv1","availableMemoryMb":null,"timeoutSeconds":null,"minInstances":null,"maxInstances":null,"ingressSettings":null,"serviceAccountEmail":null,"vpc":null,"httpsTrigger":{},"entryPoint":"testAdm"}},"specVersion":"v1alpha1","requiredAPIs":[]}
[info] ✔  functions: Loaded functions definitions from source: testAdm. {"metadata":{"emulator":{"name":"functions"},"message":"Loaded functions definitions from source: testAdm."}}
[debug] [2024-05-13T20:12:57.542Z] [worker-pool] Shutting down IDLE worker (us-central1-testAdm) {"metadata":{"emulator":{"name":"functions"},"message":"[worker-pool] Shutting down IDLE worker (us-central1-testAdm)"}}
[debug] [2024-05-13T20:12:57.542Z] [worker-us-central1-testAdm-b7c0e21f-82bb-4bdc-9375-25e82de6d968]: FINISHING {"metadata":{"emulator":{"name":"functions"},"function":{"name":"us-central1-testAdm"},"extension":{},"message":"[worker-us-central1-testAdm-b7c0e21f-82bb-4bdc-9375-25e82de6d968]: FINISHING"}}
[debug] [2024-05-13T20:12:57.542Z] [worker-pool] Shutting down IDLE worker (us-central1-testAdm) {"metadata":{"emulator":{"name":"functions"},"message":"[worker-pool] Shutting down IDLE worker (us-central1-testAdm)"}}
[debug] [2024-05-13T20:12:57.542Z] [worker-us-central1-testAdm-bc9ac970-a798-4d7a-ac9d-444ba09a39b5]: FINISHING {"metadata":{"emulator":{"name":"functions"},"function":{"name":"us-central1-testAdm"},"extension":{},"message":"[worker-us-central1-testAdm-bc9ac970-a798-4d7a-ac9d-444ba09a39b5]: FINISHING"}}
[debug] [2024-05-13T20:12:57.546Z] [worker-us-central1-testAdm-b7c0e21f-82bb-4bdc-9375-25e82de6d968]: exited {"metadata":{"emulator":{"name":"functions"},"function":{"name":"us-central1-testAdm"},"extension":{},"message":"[worker-us-central1-testAdm-b7c0e21f-82bb-4bdc-9375-25e82de6d968]: exited"}}
[debug] [2024-05-13T20:12:57.546Z] [worker-us-central1-testAdm-b7c0e21f-82bb-4bdc-9375-25e82de6d968]: FINISHED {"metadata":{"emulator":{"name":"functions"},"function":{"name":"us-central1-testAdm"},"extension":{},"message":"[worker-us-central1-testAdm-b7c0e21f-82bb-4bdc-9375-25e82de6d968]: FINISHED"}}
[debug] [2024-05-13T20:12:57.546Z] [worker-us-central1-testAdm-bc9ac970-a798-4d7a-ac9d-444ba09a39b5]: exited {"metadata":{"emulator":{"name":"functions"},"function":{"name":"us-central1-testAdm"},"extension":{},"message":"[worker-us-central1-testAdm-bc9ac970-a798-4d7a-ac9d-444ba09a39b5]: exited"}}
[debug] [2024-05-13T20:12:57.546Z] [worker-us-central1-testAdm-bc9ac970-a798-4d7a-ac9d-444ba09a39b5]: FINISHED {"metadata":{"emulator":{"name":"functions"},"function":{"name":"us-central1-testAdm"},"extension":{},"message":"[worker-us-central1-testAdm-bc9ac970-a798-4d7a-ac9d-444ba09a39b5]: FINISHED"}}
